2017-04-11 13:45:10,592 [INFO] com.wy.stock.job.PersistBoardHotTHSJob.persistBoardHot(PersistBoardHotTHSJob.java:45)- JOB T - persistBoardHot job begin...
2017-04-11 18:51:26,218 [INFO] com.wy.stock.job.PersistBoardHotTHSJob.persistBoardHot(PersistBoardHotTHSJob.java:45)- JOB T - persistBoardHot job begin...
2017-04-11 19:46:01,339 [INFO] com.wy.stock.job.PersistBoardHotTHSJob.persistBoardHot(PersistBoardHotTHSJob.java:181)- JOB T finished. elapsed time: 54 min.
2017-04-11 19:47:38,072 [INFO] com.wy.stock.job.PersistBoardHotTHSJob.persistBoardHot(PersistBoardHotTHSJob.java:187)- JOB T genFiles finished. total time: 55 min.
2017-04-12 16:58:01,986 [INFO] com.wy.stock.job.PersistBoardHotTHSJob.persistBoardHot(PersistBoardHotTHSJob.java:45)- JOB T - persistBoardHot job begin...
2017-04-12 17:53:02,972 [INFO] com.wy.stock.job.PersistBoardHotTHSJob.persistBoardHot(PersistBoardHotTHSJob.java:181)- JOB T finished. elapsed time: 55 min.
2017-04-12 17:54:11,818 [INFO] com.wy.stock.job.PersistBoardHotTHSJob.persistBoardHot(PersistBoardHotTHSJob.java:187)- JOB T genFiles finished. total time: 56 min.
2017-12-26 21:06:07,391 [INFO] com.wy.stock.job.PersistLhbJob.persistLHB(PersistLhbJob.java:46)- JOB R - persistLHB job begin...
2017-12-26 21:16:55,217 [INFO] com.wy.stock.job.PersistLhbJob.persistLHB(PersistLhbJob.java:46)- JOB R - persistLHB job begin...
2017-12-26 21:17:02,990 [INFO] com.wy.stock.job.PersistLhbJob.persistLHB(PersistLhbJob.java:70)- JOB R - running job exists: [[ jobDate = 1712262107, jobType = R, status = R, remark = running, beginTime = 2017-12-26 21:08:24.0, timestamp = 2017-12-26 21:08:24.0 ]]. return now...
2017-12-26 21:19:10,038 [INFO] com.wy.stock.job.PersistLhbJob.persistLHB(PersistLhbJob.java:46)- JOB R - persistLHB job begin...
2017-12-30 21:20:27,326 [INFO] com.wy.stock.job.PersistLhbJob.persistLHB(PersistLhbJob.java:46)- JOB R - persistLHB job begin...
2017-12-30 21:20:29,757 [INFO] com.wy.stock.job.PersistLhbJob.persistLHB(PersistLhbJob.java:54)- Saturday or Sunday, return now...
2017-12-30 21:21:18,451 [INFO] com.wy.stock.job.PersistLhbJob.persistLHB(PersistLhbJob.java:46)- JOB R - persistLHB job begin...
2017-12-30 21:24:34,464 [INFO] com.wy.stock.job.PersistLhbJob.persistLHB(PersistLhbJob.java:46)- JOB R - persistLHB job begin...
2017-12-30 21:26:56,547 [INFO] com.wy.stock.job.PersistLhbJob.persistLHB(PersistLhbJob.java:46)- JOB R - persistLHB job begin...
2017-12-30 21:35:12,197 [INFO] com.wy.stock.job.PersistLhbJob.persistLHB(PersistLhbJob.java:46)- JOB R - persistLHB job begin...
2017-12-30 21:37:39,947 [INFO] com.wy.stock.job.PersistLhbJob.persistLHB(PersistLhbJob.java:46)- JOB R - persistLHB job begin...
2018-01-01 19:13:31,358 [INFO] com.wy.stock.job.PersistLhbJob.persistLHB(PersistLhbJob.java:46)- JOB R - persistLHB job begin...
2018-01-01 19:21:44,426 [INFO] com.wy.stock.job.PersistLhbJob.persistLHB(PersistLhbJob.java:46)- JOB R - persistLHB job begin...
2018-01-01 19:29:35,081 [INFO] com.wy.stock.job.PersistLhbJob.persistLHB(PersistLhbJob.java:46)- JOB R - persistLHB job begin...
2018-01-01 19:32:27,763 [INFO] com.wy.stock.job.PersistLhbJob.persistLHB(PersistLhbJob.java:46)- JOB R - persistLHB job begin...
2018-01-01 19:32:28,414 [INFO] com.wy.stock.job.PersistLhbJob.persistLHB(PersistLhbJob.java:72)- JOB R - running job exists: [[ jobDate = 1801011929, jobType = R, status = R, remark = running, beginTime = 2018-01-01 19:29:36.0, timestamp = 2018-01-01 19:29:36.0 ]]. return now...
2018-01-01 19:32:48,107 [INFO] com.wy.stock.job.PersistLhbJob.persistLHB(PersistLhbJob.java:46)- JOB R - persistLHB job begin...
2018-01-01 19:38:18,238 [INFO] com.wy.stock.job.PersistLhbJob.persistLHB(PersistLhbJob.java:46)- JOB R - persistLHB job begin...
2018-01-01 19:40:54,935 [INFO] com.wy.stock.job.PersistLhbJob.persistLHB(PersistLhbJob.java:46)- JOB R - persistLHB job begin...
2018-01-01 19:40:55,544 [INFO] com.wy.stock.job.PersistLhbJob.persistLHB(PersistLhbJob.java:72)- JOB R - running job exists: [[ jobDate = 1801011938, jobType = R, status = R, remark = running, beginTime = 2018-01-01 19:38:19.0, timestamp = 2018-01-01 19:38:19.0 ]]. return now...
2018-01-01 19:41:14,512 [INFO] com.wy.stock.job.PersistLhbJob.persistLHB(PersistLhbJob.java:46)- JOB R - persistLHB job begin...
2018-01-01 20:15:51,708 [INFO] com.wy.stock.job.PersistLhbJob.persistLHB(PersistLhbJob.java:46)- JOB R - persistLHB job begin...
2018-01-01 20:16:51,093 [INFO] com.wy.stock.job.PersistLhbJob.persistLHB(PersistLhbJob.java:46)- JOB R - persistLHB job begin...
2018-01-01 20:17:27,214 [INFO] com.wy.stock.job.PersistLhbJob.persistLHB(PersistLhbJob.java:129)- JOB R finished. elapsed time: 0 min.
2018-01-01 21:05:17,903 [INFO] com.wy.stock.job.PersistLhbJob.persistLHB(PersistLhbJob.java:46)- JOB R - persistLHB job begin...
2018-01-01 21:05:18,523 [INFO] com.wy.stock.job.PersistLhbJob.persistLHB(PersistLhbJob.java:82)- JOB R - existes: [[ jobDate = 1801012016, jobType = R, status = S, remark = success, beginTime = 2018-01-01 20:16:52.0, timestamp = 2018-01-01 20:17:24.0 ]]. return now...
2018-01-01 21:05:54,138 [INFO] com.wy.stock.job.PersistLhbJob.persistLHB(PersistLhbJob.java:46)- JOB R - persistLHB job begin...
2018-01-01 21:06:02,714 [INFO] com.wy.stock.job.PersistLhbJob.persistLHB(PersistLhbJob.java:82)- JOB R - existes: [[ jobDate = 1801012016, jobType = R, status = S, remark = success, beginTime = 2018-01-01 20:16:52.0, timestamp = 2018-01-01 20:17:24.0 ]]. return now...
2018-01-01 21:06:43,556 [INFO] com.wy.stock.job.PersistLhbJob.persistLHB(PersistLhbJob.java:46)- JOB R - persistLHB job begin...
2018-01-01 21:06:44,159 [INFO] com.wy.stock.job.PersistLhbJob.persistLHB(PersistLhbJob.java:82)- JOB R - existes: [[ jobDate = 1801012016, jobType = R, status = S, remark = success, beginTime = 2018-01-01 20:16:52.0, timestamp = 2018-01-01 20:17:24.0 ]]. return now...
2018-01-01 21:07:53,666 [INFO] com.wy.stock.job.PersistLhbJob.persistLHB(PersistLhbJob.java:46)- JOB R - persistLHB job begin...
2018-01-01 21:07:54,148 [INFO] com.wy.stock.job.PersistLhbJob.persistLHB(PersistLhbJob.java:82)- JOB R - existes: [[ jobDate = 1801012016, jobType = R, status = S, remark = success, beginTime = 2018-01-01 20:16:52.0, timestamp = 2018-01-01 20:17:24.0 ]]. return now...
2018-01-01 21:08:08,128 [INFO] com.wy.stock.job.PersistLhbJob.persistLHB(PersistLhbJob.java:46)- JOB R - persistLHB job begin...
2018-01-01 21:08:15,556 [INFO] com.wy.stock.job.PersistLhbJob.persistLHB(PersistLhbJob.java:82)- JOB R - existes: [[ jobDate = 1801012016, jobType = R, status = S, remark = success, beginTime = 2018-01-01 20:16:52.0, timestamp = 2018-01-01 20:17:24.0 ]]. return now...
2018-01-01 21:08:46,274 [INFO] com.wy.stock.job.PersistLhbJob.persistLHB(PersistLhbJob.java:46)- JOB R - persistLHB job begin...
2018-01-01 21:09:02,047 [INFO] com.wy.stock.job.PersistLhbJob.persistLHB(PersistLhbJob.java:82)- JOB R - existes: [[ jobDate = 1801012016, jobType = R, status = S, remark = success, beginTime = 2018-01-01 20:16:52.0, timestamp = 2018-01-01 20:17:24.0 ]]. return now...
2018-01-01 21:12:53,720 [INFO] com.wy.stock.job.PersistLhbJob.persistLHB(PersistLhbJob.java:46)- JOB R - persistLHB job begin...
2018-01-01 21:12:58,649 [INFO] com.wy.stock.job.PersistLhbJob.persistLHB(PersistLhbJob.java:129)- JOB R finished. elapsed time: 0 min.
2018-01-01 21:18:38,844 [INFO] com.wy.stock.job.PersistLhbJob.persistLHB(PersistLhbJob.java:46)- JOB R - persistLHB job begin...
2018-01-01 21:19:33,298 [INFO] com.wy.stock.job.PersistLhbJob.persistLHB(PersistLhbJob.java:129)- JOB R finished. elapsed time: 0 min.
2018-01-01 21:36:56,216 [INFO] com.wy.stock.job.PersistLhbJob.persistLHB(PersistLhbJob.java:47)- JOB R - persistLHB job begin...
2018-01-01 21:37:03,129 [INFO] com.wy.stock.job.PersistLhbJob.persistLHB(PersistLhbJob.java:83)- JOB R - existes: [[ jobDate = 1801012118, jobType = R, status = S, remark = success, beginTime = 2018-01-01 21:18:50.0, timestamp = 2018-01-01 21:19:33.0 ]]. return now...
2018-01-01 21:37:21,923 [INFO] com.wy.stock.job.PersistLhbJob.persistLHB(PersistLhbJob.java:47)- JOB R - persistLHB job begin...
2018-01-01 21:37:50,162 [INFO] com.wy.stock.job.PersistLhbJob.persistLHB(PersistLhbJob.java:124)- file length < 2000, return now...
2018-01-01 21:42:46,798 [INFO] com.wy.stock.job.PersistLhbJob.persistLHB(PersistLhbJob.java:47)- JOB R - persistLHB job begin...
2018-01-01 21:43:00,066 [INFO] com.wy.stock.job.PersistLhbJob.persistLHB(PersistLhbJob.java:124)- file length < 2000, return now...
2018-01-01 21:55:28,474 [INFO] com.wy.stock.job.PersistLhbJob.persistLHB(PersistLhbJob.java:47)- JOB R - persistLHB job begin...
2018-01-01 21:55:29,442 [INFO] com.wy.stock.job.PersistLhbJob.persistLHB(PersistLhbJob.java:124)- file length < 2000, return now...
2018-01-01 21:55:29,442 [INFO] com.wy.stock.job.PersistLhbJob.persistLHB(PersistLhbJob.java:47)- JOB R - persistLHB job begin...
2018-01-01 21:55:29,645 [INFO] com.wy.stock.job.PersistLhbJob.persistLHB(PersistLhbJob.java:124)- file length < 2000, return now...
2018-01-01 21:55:29,645 [INFO] com.wy.stock.job.PersistLhbJob.persistLHB(PersistLhbJob.java:47)- JOB R - persistLHB job begin...
2018-01-01 21:55:29,846 [INFO] com.wy.stock.job.PersistLhbJob.persistLHB(PersistLhbJob.java:124)- file length < 2000, return now...
2018-01-01 21:55:29,847 [INFO] com.wy.stock.job.PersistLhbJob.persistLHB(PersistLhbJob.java:47)- JOB R - persistLHB job begin...
2018-01-01 21:55:30,060 [INFO] com.wy.stock.job.PersistLhbJob.persistLHB(PersistLhbJob.java:124)- file length < 2000, return now...
2018-01-01 21:55:30,060 [INFO] com.wy.stock.job.PersistLhbJob.persistLHB(PersistLhbJob.java:47)- JOB R - persistLHB job begin...
2018-01-01 21:55:30,283 [INFO] com.wy.stock.job.PersistLhbJob.persistLHB(PersistLhbJob.java:124)- file length < 2000, return now...
2018-01-01 21:55:30,283 [INFO] com.wy.stock.job.PersistLhbJob.persistLHB(PersistLhbJob.java:47)- JOB R - persistLHB job begin...
2018-01-01 21:55:30,485 [INFO] com.wy.stock.job.PersistLhbJob.persistLHB(PersistLhbJob.java:124)- file length < 2000, return now...
2018-01-01 21:55:30,485 [INFO] com.wy.stock.job.PersistLhbJob.persistLHB(PersistLhbJob.java:47)- JOB R - persistLHB job begin...
2018-01-01 21:55:30,675 [INFO] com.wy.stock.job.PersistLhbJob.persistLHB(PersistLhbJob.java:124)- file length < 2000, return now...
2018-01-01 21:55:30,675 [INFO] com.wy.stock.job.PersistLhbJob.persistLHB(PersistLhbJob.java:47)- JOB R - persistLHB job begin...
2018-01-01 21:55:30,877 [INFO] com.wy.stock.job.PersistLhbJob.persistLHB(PersistLhbJob.java:124)- file length < 2000, return now...
2018-01-01 21:55:30,877 [INFO] com.wy.stock.job.PersistLhbJob.persistLHB(PersistLhbJob.java:47)- JOB R - persistLHB job begin...
2018-01-01 21:55:31,080 [INFO] com.wy.stock.job.PersistLhbJob.persistLHB(PersistLhbJob.java:124)- file length < 2000, return now...
2018-01-01 21:55:31,080 [INFO] com.wy.stock.job.PersistLhbJob.persistLHB(PersistLhbJob.java:47)- JOB R - persistLHB job begin...
2018-01-01 21:55:31,304 [INFO] com.wy.stock.job.PersistLhbJob.persistLHB(PersistLhbJob.java:124)- file length < 2000, return now...
2018-01-01 21:55:31,304 [INFO] com.wy.stock.job.PersistLhbJob.persistLHB(PersistLhbJob.java:47)- JOB R - persistLHB job begin...
2018-01-01 21:55:31,505 [INFO] com.wy.stock.job.PersistLhbJob.persistLHB(PersistLhbJob.java:124)- file length < 2000, return now...
2018-01-01 21:55:31,506 [INFO] com.wy.stock.job.PersistLhbJob.persistLHB(PersistLhbJob.java:47)- JOB R - persistLHB job begin...
2018-01-01 21:55:31,707 [INFO] com.wy.stock.job.PersistLhbJob.persistLHB(PersistLhbJob.java:124)- file length < 2000, return now...
2018-01-01 21:55:31,707 [INFO] com.wy.stock.job.PersistLhbJob.persistLHB(PersistLhbJob.java:47)- JOB R - persistLHB job begin...
2018-01-01 21:55:31,909 [INFO] com.wy.stock.job.PersistLhbJob.persistLHB(PersistLhbJob.java:124)- file length < 2000, return now...
2018-01-01 21:55:31,909 [INFO] com.wy.stock.job.PersistLhbJob.persistLHB(PersistLhbJob.java:47)- JOB R - persistLHB job begin...
2018-01-01 21:55:32,135 [INFO] com.wy.stock.job.PersistLhbJob.persistLHB(PersistLhbJob.java:124)- file length < 2000, return now...
2018-01-01 21:55:32,136 [INFO] com.wy.stock.job.PersistLhbJob.persistLHB(PersistLhbJob.java:47)- JOB R - persistLHB job begin...
2018-01-01 21:55:32,356 [INFO] com.wy.stock.job.PersistLhbJob.persistLHB(PersistLhbJob.java:124)- file length < 2000, return now...
2018-01-01 21:55:32,357 [INFO] com.wy.stock.job.PersistLhbJob.persistLHB(PersistLhbJob.java:47)- JOB R - persistLHB job begin...
2018-01-01 21:55:32,558 [INFO] com.wy.stock.job.PersistLhbJob.persistLHB(PersistLhbJob.java:124)- file length < 2000, return now...
2018-01-01 21:55:32,558 [INFO] com.wy.stock.job.PersistLhbJob.persistLHB(PersistLhbJob.java:47)- JOB R - persistLHB job begin...
2018-01-01 21:55:32,839 [INFO] com.wy.stock.job.PersistLhbJob.persistLHB(PersistLhbJob.java:124)- file length < 2000, return now...
2018-01-01 21:55:32,839 [INFO] com.wy.stock.job.PersistLhbJob.persistLHB(PersistLhbJob.java:47)- JOB R - persistLHB job begin...
2018-01-01 21:55:33,040 [INFO] com.wy.stock.job.PersistLhbJob.persistLHB(PersistLhbJob.java:124)- file length < 2000, return now...
2018-01-01 21:55:33,041 [INFO] com.wy.stock.job.PersistLhbJob.persistLHB(PersistLhbJob.java:47)- JOB R - persistLHB job begin...
2018-01-01 21:55:33,289 [INFO] com.wy.stock.job.PersistLhbJob.persistLHB(PersistLhbJob.java:124)- file length < 2000, return now...
2018-01-01 21:55:33,289 [INFO] com.wy.stock.job.PersistLhbJob.persistLHB(PersistLhbJob.java:47)- JOB R - persistLHB job begin...
2018-01-01 21:55:33,488 [INFO] com.wy.stock.job.PersistLhbJob.persistLHB(PersistLhbJob.java:124)- file length < 2000, return now...
2018-01-01 21:55:33,488 [INFO] com.wy.stock.job.PersistLhbJob.persistLHB(PersistLhbJob.java:47)- JOB R - persistLHB job begin...
2018-01-01 21:55:33,690 [INFO] com.wy.stock.job.PersistLhbJob.persistLHB(PersistLhbJob.java:124)- file length < 2000, return now...
2018-01-01 21:55:33,690 [INFO] com.wy.stock.job.PersistLhbJob.persistLHB(PersistLhbJob.java:47)- JOB R - persistLHB job begin...
2018-01-01 21:55:33,902 [INFO] com.wy.stock.job.PersistLhbJob.persistLHB(PersistLhbJob.java:124)- file length < 2000, return now...
2018-01-01 21:55:33,903 [INFO] com.wy.stock.job.PersistLhbJob.persistLHB(PersistLhbJob.java:47)- JOB R - persistLHB job begin...
2018-01-01 21:55:34,104 [INFO] com.wy.stock.job.PersistLhbJob.persistLHB(PersistLhbJob.java:124)- file length < 2000, return now...
2018-01-01 21:55:34,104 [INFO] com.wy.stock.job.PersistLhbJob.persistLHB(PersistLhbJob.java:47)- JOB R - persistLHB job begin...
2018-01-01 21:55:34,318 [INFO] com.wy.stock.job.PersistLhbJob.persistLHB(PersistLhbJob.java:124)- file length < 2000, return now...
2018-01-01 21:55:34,319 [INFO] com.wy.stock.job.PersistLhbJob.persistLHB(PersistLhbJob.java:47)- JOB R - persistLHB job begin...
2018-01-01 21:55:34,520 [INFO] com.wy.stock.job.PersistLhbJob.persistLHB(PersistLhbJob.java:124)- file length < 2000, return now...
2018-01-01 21:55:34,520 [INFO] com.wy.stock.job.PersistLhbJob.persistLHB(PersistLhbJob.java:47)- JOB R - persistLHB job begin...
2018-01-01 21:55:34,733 [INFO] com.wy.stock.job.PersistLhbJob.persistLHB(PersistLhbJob.java:124)- file length < 2000, return now...
2018-01-01 21:55:34,733 [INFO] com.wy.stock.job.PersistLhbJob.persistLHB(PersistLhbJob.java:47)- JOB R - persistLHB job begin...
2018-01-01 21:55:34,912 [INFO] com.wy.stock.job.PersistLhbJob.persistLHB(PersistLhbJob.java:124)- file length < 2000, return now...
2018-01-01 21:55:34,912 [INFO] com.wy.stock.job.PersistLhbJob.persistLHB(PersistLhbJob.java:47)- JOB R - persistLHB job begin...
2018-01-01 21:55:35,114 [INFO] com.wy.stock.job.PersistLhbJob.persistLHB(PersistLhbJob.java:124)- file length < 2000, return now...
2018-01-01 21:55:35,114 [INFO] com.wy.stock.job.PersistLhbJob.persistLHB(PersistLhbJob.java:47)- JOB R - persistLHB job begin...
2018-01-01 21:55:35,438 [INFO] com.wy.stock.job.PersistLhbJob.persistLHB(PersistLhbJob.java:124)- file length < 2000, return now...
2018-01-01 21:55:35,438 [INFO] com.wy.stock.job.PersistLhbJob.persistLHB(PersistLhbJob.java:47)- JOB R - persistLHB job begin...
2018-01-01 21:55:35,673 [INFO] com.wy.stock.job.PersistLhbJob.persistLHB(PersistLhbJob.java:124)- file length < 2000, return now...
2018-01-01 21:55:35,673 [INFO] com.wy.stock.job.PersistLhbJob.persistLHB(PersistLhbJob.java:47)- JOB R - persistLHB job begin...
2018-01-01 21:55:35,910 [INFO] com.wy.stock.job.PersistLhbJob.persistLHB(PersistLhbJob.java:124)- file length < 2000, return now...
2018-01-01 21:56:12,635 [INFO] com.wy.stock.job.PersistLhbJob.persistLHB(PersistLhbJob.java:47)- JOB R - persistLHB job begin...
2018-01-01 21:56:13,284 [INFO] com.wy.stock.job.PersistLhbJob.persistLHB(PersistLhbJob.java:124)- file length < 2000, return now...
2018-01-01 21:56:13,284 [INFO] com.wy.stock.job.PersistLhbJob.persistLHB(PersistLhbJob.java:47)- JOB R - persistLHB job begin...
2018-01-01 21:56:13,497 [INFO] com.wy.stock.job.PersistLhbJob.persistLHB(PersistLhbJob.java:124)- file length < 2000, return now...
2018-01-01 21:56:13,497 [INFO] com.wy.stock.job.PersistLhbJob.persistLHB(PersistLhbJob.java:47)- JOB R - persistLHB job begin...
2018-01-01 21:56:13,698 [INFO] com.wy.stock.job.PersistLhbJob.persistLHB(PersistLhbJob.java:124)- file length < 2000, return now...
2018-01-01 21:56:13,698 [INFO] com.wy.stock.job.PersistLhbJob.persistLHB(PersistLhbJob.java:47)- JOB R - persistLHB job begin...
2018-01-01 21:56:13,900 [INFO] com.wy.stock.job.PersistLhbJob.persistLHB(PersistLhbJob.java:124)- file length < 2000, return now...
2018-01-01 21:56:13,901 [INFO] com.wy.stock.job.PersistLhbJob.persistLHB(PersistLhbJob.java:47)- JOB R - persistLHB job begin...
2018-01-01 21:56:14,147 [INFO] com.wy.stock.job.PersistLhbJob.persistLHB(PersistLhbJob.java:124)- file length < 2000, return now...
2018-01-01 21:56:14,148 [INFO] com.wy.stock.job.PersistLhbJob.persistLHB(PersistLhbJob.java:47)- JOB R - persistLHB job begin...
2018-01-01 21:56:14,349 [INFO] com.wy.stock.job.PersistLhbJob.persistLHB(PersistLhbJob.java:124)- file length < 2000, return now...
2018-01-01 21:56:14,349 [INFO] com.wy.stock.job.PersistLhbJob.persistLHB(PersistLhbJob.java:47)- JOB R - persistLHB job begin...
2018-01-01 21:56:14,550 [INFO] com.wy.stock.job.PersistLhbJob.persistLHB(PersistLhbJob.java:124)- file length < 2000, return now...
2018-01-01 21:56:14,551 [INFO] com.wy.stock.job.PersistLhbJob.persistLHB(PersistLhbJob.java:47)- JOB R - persistLHB job begin...
2018-01-01 21:56:14,752 [INFO] com.wy.stock.job.PersistLhbJob.persistLHB(PersistLhbJob.java:124)- file length < 2000, return now...
2018-01-01 21:56:14,752 [INFO] com.wy.stock.job.PersistLhbJob.persistLHB(PersistLhbJob.java:47)- JOB R - persistLHB job begin...
2018-01-01 21:56:14,954 [INFO] com.wy.stock.job.PersistLhbJob.persistLHB(PersistLhbJob.java:124)- file length < 2000, return now...
2018-01-01 21:56:14,954 [INFO] com.wy.stock.job.PersistLhbJob.persistLHB(PersistLhbJob.java:47)- JOB R - persistLHB job begin...
2018-01-01 21:56:15,155 [INFO] com.wy.stock.job.PersistLhbJob.persistLHB(PersistLhbJob.java:124)- file length < 2000, return now...
2018-01-01 21:56:15,155 [INFO] com.wy.stock.job.PersistLhbJob.persistLHB(PersistLhbJob.java:47)- JOB R - persistLHB job begin...
2018-01-01 21:56:15,368 [INFO] com.wy.stock.job.PersistLhbJob.persistLHB(PersistLhbJob.java:124)- file length < 2000, return now...
2018-01-01 21:56:15,368 [INFO] com.wy.stock.job.PersistLhbJob.persistLHB(PersistLhbJob.java:47)- JOB R - persistLHB job begin...
2018-01-01 21:56:15,569 [INFO] com.wy.stock.job.PersistLhbJob.persistLHB(PersistLhbJob.java:124)- file length < 2000, return now...
2018-01-01 21:56:15,570 [INFO] com.wy.stock.job.PersistLhbJob.persistLHB(PersistLhbJob.java:47)- JOB R - persistLHB job begin...
2018-01-01 21:56:15,772 [INFO] com.wy.stock.job.PersistLhbJob.persistLHB(PersistLhbJob.java:124)- file length < 2000, return now...
2018-01-01 21:56:15,773 [INFO] com.wy.stock.job.PersistLhbJob.persistLHB(PersistLhbJob.java:47)- JOB R - persistLHB job begin...
2018-01-01 21:56:15,974 [INFO] com.wy.stock.job.PersistLhbJob.persistLHB(PersistLhbJob.java:124)- file length < 2000, return now...
2018-01-01 21:56:15,974 [INFO] com.wy.stock.job.PersistLhbJob.persistLHB(PersistLhbJob.java:47)- JOB R - persistLHB job begin...
2018-01-01 21:56:16,231 [INFO] com.wy.stock.job.PersistLhbJob.persistLHB(PersistLhbJob.java:124)- file length < 2000, return now...
2018-01-01 21:56:16,232 [INFO] com.wy.stock.job.PersistLhbJob.persistLHB(PersistLhbJob.java:47)- JOB R - persistLHB job begin...
2018-01-01 21:56:16,433 [INFO] com.wy.stock.job.PersistLhbJob.persistLHB(PersistLhbJob.java:124)- file length < 2000, return now...
2018-01-01 21:56:16,433 [INFO] com.wy.stock.job.PersistLhbJob.persistLHB(PersistLhbJob.java:47)- JOB R - persistLHB job begin...
2018-01-01 21:56:16,646 [INFO] com.wy.stock.job.PersistLhbJob.persistLHB(PersistLhbJob.java:124)- file length < 2000, return now...
2018-01-01 21:56:16,646 [INFO] com.wy.stock.job.PersistLhbJob.persistLHB(PersistLhbJob.java:47)- JOB R - persistLHB job begin...
2018-01-01 21:56:16,836 [INFO] com.wy.stock.job.PersistLhbJob.persistLHB(PersistLhbJob.java:124)- file length < 2000, return now...
2018-01-01 21:56:16,836 [INFO] com.wy.stock.job.PersistLhbJob.persistLHB(PersistLhbJob.java:47)- JOB R - persistLHB job begin...
2018-01-01 21:56:17,038 [INFO] com.wy.stock.job.PersistLhbJob.persistLHB(PersistLhbJob.java:124)- file length < 2000, return now...
2018-01-01 21:56:17,038 [INFO] com.wy.stock.job.PersistLhbJob.persistLHB(PersistLhbJob.java:47)- JOB R - persistLHB job begin...
2018-01-01 21:56:17,239 [INFO] com.wy.stock.job.PersistLhbJob.persistLHB(PersistLhbJob.java:124)- file length < 2000, return now...
2018-01-01 21:56:17,240 [INFO] com.wy.stock.job.PersistLhbJob.persistLHB(PersistLhbJob.java:47)- JOB R - persistLHB job begin...
2018-01-01 21:56:17,447 [INFO] com.wy.stock.job.PersistLhbJob.persistLHB(PersistLhbJob.java:124)- file length < 2000, return now...
2018-01-01 21:56:17,447 [INFO] com.wy.stock.job.PersistLhbJob.persistLHB(PersistLhbJob.java:47)- JOB R - persistLHB job begin...
2018-01-01 21:56:17,656 [INFO] com.wy.stock.job.PersistLhbJob.persistLHB(PersistLhbJob.java:124)- file length < 2000, return now...
2018-01-01 21:56:17,656 [INFO] com.wy.stock.job.PersistLhbJob.persistLHB(PersistLhbJob.java:47)- JOB R - persistLHB job begin...
2018-01-01 21:56:17,913 [INFO] com.wy.stock.job.PersistLhbJob.persistLHB(PersistLhbJob.java:124)- file length < 2000, return now...
2018-01-01 21:56:17,913 [INFO] com.wy.stock.job.PersistLhbJob.persistLHB(PersistLhbJob.java:47)- JOB R - persistLHB job begin...
2018-01-01 21:56:18,104 [INFO] com.wy.stock.job.PersistLhbJob.persistLHB(PersistLhbJob.java:124)- file length < 2000, return now...
2018-01-01 21:56:18,104 [INFO] com.wy.stock.job.PersistLhbJob.persistLHB(PersistLhbJob.java:47)- JOB R - persistLHB job begin...
2018-01-01 21:56:18,306 [INFO] com.wy.stock.job.PersistLhbJob.persistLHB(PersistLhbJob.java:124)- file length < 2000, return now...
2018-01-01 21:56:18,306 [INFO] com.wy.stock.job.PersistLhbJob.persistLHB(PersistLhbJob.java:47)- JOB R - persistLHB job begin...
2018-01-01 21:56:18,508 [INFO] com.wy.stock.job.PersistLhbJob.persistLHB(PersistLhbJob.java:124)- file length < 2000, return now...
2018-01-01 21:56:18,508 [INFO] com.wy.stock.job.PersistLhbJob.persistLHB(PersistLhbJob.java:47)- JOB R - persistLHB job begin...
2018-01-01 21:56:18,722 [INFO] com.wy.stock.job.PersistLhbJob.persistLHB(PersistLhbJob.java:124)- file length < 2000, return now...
2018-01-01 21:56:18,722 [INFO] com.wy.stock.job.PersistLhbJob.persistLHB(PersistLhbJob.java:47)- JOB R - persistLHB job begin...
2018-01-01 21:56:18,923 [INFO] com.wy.stock.job.PersistLhbJob.persistLHB(PersistLhbJob.java:124)- file length < 2000, return now...
2018-01-01 21:56:18,924 [INFO] com.wy.stock.job.PersistLhbJob.persistLHB(PersistLhbJob.java:47)- JOB R - persistLHB job begin...
2018-01-01 21:56:19,125 [INFO] com.wy.stock.job.PersistLhbJob.persistLHB(PersistLhbJob.java:124)- file length < 2000, return now...
2018-01-01 21:56:19,125 [INFO] com.wy.stock.job.PersistLhbJob.persistLHB(PersistLhbJob.java:47)- JOB R - persistLHB job begin...
2018-01-01 21:56:19,315 [INFO] com.wy.stock.job.PersistLhbJob.persistLHB(PersistLhbJob.java:124)- file length < 2000, return now...
2018-01-01 21:56:19,316 [INFO] com.wy.stock.job.PersistLhbJob.persistLHB(PersistLhbJob.java:47)- JOB R - persistLHB job begin...
2018-01-01 21:56:19,506 [INFO] com.wy.stock.job.PersistLhbJob.persistLHB(PersistLhbJob.java:124)- file length < 2000, return now...
2018-01-01 21:57:55,561 [INFO] com.wy.stock.job.PersistLhbJob.persistLHB(PersistLhbJob.java:47)- JOB R - persistLHB job begin...
2018-01-01 21:58:45,949 [INFO] com.wy.stock.job.PersistLhbJob.persistLHB(PersistLhbJob.java:124)- file length < 2000, return now...
2018-01-01 22:00:09,593 [INFO] com.wy.stock.job.PersistLhbJob.persistLHB(PersistLhbJob.java:47)- JOB R - persistLHB job begin...
2018-01-01 22:00:18,812 [INFO] com.wy.stock.job.PersistLhbJob.persistLHB(PersistLhbJob.java:145)- JOB R finished. elapsed time: 0 min.
2018-01-01 22:00:18,812 [INFO] com.wy.stock.job.PersistLhbJob.persistLHB(PersistLhbJob.java:47)- JOB R - persistLHB job begin...
2018-01-01 22:00:19,202 [INFO] com.wy.stock.job.PersistLhbJob.persistLHB(PersistLhbJob.java:126)- file length < 2000, return now...
2018-01-01 22:00:19,203 [INFO] com.wy.stock.job.PersistLhbJob.persistLHB(PersistLhbJob.java:47)- JOB R - persistLHB job begin...
2018-01-01 22:00:19,493 [INFO] com.wy.stock.job.PersistLhbJob.persistLHB(PersistLhbJob.java:126)- file length < 2000, return now...
2018-01-01 22:00:19,495 [INFO] com.wy.stock.job.PersistLhbJob.persistLHB(PersistLhbJob.java:47)- JOB R - persistLHB job begin...
2018-01-01 22:00:27,681 [INFO] com.wy.stock.job.PersistLhbJob.persistLHB(PersistLhbJob.java:145)- JOB R finished. elapsed time: 0 min.
2018-01-01 22:00:27,681 [INFO] com.wy.stock.job.PersistLhbJob.persistLHB(PersistLhbJob.java:47)- JOB R - persistLHB job begin...
2018-01-01 22:00:38,601 [INFO] com.wy.stock.job.PersistLhbJob.persistLHB(PersistLhbJob.java:145)- JOB R finished. elapsed time: 0 min.
2018-01-01 22:00:38,603 [INFO] com.wy.stock.job.PersistLhbJob.persistLHB(PersistLhbJob.java:47)- JOB R - persistLHB job begin...
2018-01-01 22:00:45,092 [INFO] com.wy.stock.job.PersistLhbJob.persistLHB(PersistLhbJob.java:145)- JOB R finished. elapsed time: 0 min.
2018-01-01 22:00:45,092 [INFO] com.wy.stock.job.PersistLhbJob.persistLHB(PersistLhbJob.java:47)- JOB R - persistLHB job begin...
2018-01-01 22:00:51,833 [INFO] com.wy.stock.job.PersistLhbJob.persistLHB(PersistLhbJob.java:145)- JOB R finished. elapsed time: 0 min.
2018-01-01 22:00:51,833 [INFO] com.wy.stock.job.PersistLhbJob.persistLHB(PersistLhbJob.java:47)- JOB R - persistLHB job begin...
2018-01-01 22:00:59,410 [INFO] com.wy.stock.job.PersistLhbJob.persistLHB(PersistLhbJob.java:145)- JOB R finished. elapsed time: 0 min.
2018-01-01 22:00:59,410 [INFO] com.wy.stock.job.PersistLhbJob.persistLHB(PersistLhbJob.java:47)- JOB R - persistLHB job begin...
2018-01-01 22:00:59,801 [INFO] com.wy.stock.job.PersistLhbJob.persistLHB(PersistLhbJob.java:126)- file length < 2000, return now...
2018-01-01 22:00:59,801 [INFO] com.wy.stock.job.PersistLhbJob.persistLHB(PersistLhbJob.java:47)- JOB R - persistLHB job begin...
2018-01-01 22:01:00,094 [INFO] com.wy.stock.job.PersistLhbJob.persistLHB(PersistLhbJob.java:126)- file length < 2000, return now...
2018-01-01 22:01:00,094 [INFO] com.wy.stock.job.PersistLhbJob.persistLHB(PersistLhbJob.java:47)- JOB R - persistLHB job begin...
2018-01-01 22:01:03,963 [INFO] com.wy.stock.job.PersistLhbJob.persistLHB(PersistLhbJob.java:145)- JOB R finished. elapsed time: 0 min.
2018-01-01 22:01:03,964 [INFO] com.wy.stock.job.PersistLhbJob.persistLHB(PersistLhbJob.java:47)- JOB R - persistLHB job begin...
2018-01-01 22:01:09,790 [INFO] com.wy.stock.job.PersistLhbJob.persistLHB(PersistLhbJob.java:145)- JOB R finished. elapsed time: 0 min.
2018-01-01 22:01:09,791 [INFO] com.wy.stock.job.PersistLhbJob.persistLHB(PersistLhbJob.java:47)- JOB R - persistLHB job begin...
2018-01-01 22:01:14,555 [INFO] com.wy.stock.job.PersistLhbJob.persistLHB(PersistLhbJob.java:145)- JOB R finished. elapsed time: 0 min.
2018-01-01 22:01:14,555 [INFO] com.wy.stock.job.PersistLhbJob.persistLHB(PersistLhbJob.java:47)- JOB R - persistLHB job begin...
2018-01-01 22:01:14,969 [INFO] com.wy.stock.job.PersistLhbJob.persistLHB(PersistLhbJob.java:126)- file length < 2000, return now...
2018-01-01 22:01:14,969 [INFO] com.wy.stock.job.PersistLhbJob.persistLHB(PersistLhbJob.java:47)- JOB R - persistLHB job begin...
2018-01-01 22:01:22,338 [INFO] com.wy.stock.job.PersistLhbJob.persistLHB(PersistLhbJob.java:145)- JOB R finished. elapsed time: 0 min.
2018-01-01 22:01:22,338 [INFO] com.wy.stock.job.PersistLhbJob.persistLHB(PersistLhbJob.java:47)- JOB R - persistLHB job begin...
2018-01-01 22:01:22,729 [INFO] com.wy.stock.job.PersistLhbJob.persistLHB(PersistLhbJob.java:126)- file length < 2000, return now...
2018-01-01 22:01:22,730 [INFO] com.wy.stock.job.PersistLhbJob.persistLHB(PersistLhbJob.java:47)- JOB R - persistLHB job begin...
2018-01-01 22:01:23,053 [INFO] com.wy.stock.job.PersistLhbJob.persistLHB(PersistLhbJob.java:126)- file length < 2000, return now...
2018-01-01 22:01:23,054 [INFO] com.wy.stock.job.PersistLhbJob.persistLHB(PersistLhbJob.java:47)- JOB R - persistLHB job begin...
2018-01-01 22:01:30,787 [INFO] com.wy.stock.job.PersistLhbJob.persistLHB(PersistLhbJob.java:145)- JOB R finished. elapsed time: 0 min.
2018-01-01 22:01:30,787 [INFO] com.wy.stock.job.PersistLhbJob.persistLHB(PersistLhbJob.java:47)- JOB R - persistLHB job begin...
2018-01-01 22:01:34,902 [INFO] com.wy.stock.job.PersistLhbJob.persistLHB(PersistLhbJob.java:145)- JOB R finished. elapsed time: 0 min.
2018-01-01 22:01:34,903 [INFO] com.wy.stock.job.PersistLhbJob.persistLHB(PersistLhbJob.java:47)- JOB R - persistLHB job begin...
2018-01-01 22:01:40,594 [INFO] com.wy.stock.job.PersistLhbJob.persistLHB(PersistLhbJob.java:145)- JOB R finished. elapsed time: 0 min.
2018-01-01 22:01:40,594 [INFO] com.wy.stock.job.PersistLhbJob.persistLHB(PersistLhbJob.java:47)- JOB R - persistLHB job begin...
2018-01-01 22:01:46,360 [INFO] com.wy.stock.job.PersistLhbJob.persistLHB(PersistLhbJob.java:145)- JOB R finished. elapsed time: 0 min.
2018-01-01 22:01:46,360 [INFO] com.wy.stock.job.PersistLhbJob.persistLHB(PersistLhbJob.java:47)- JOB R - persistLHB job begin...
2018-01-01 22:01:52,364 [INFO] com.wy.stock.job.PersistLhbJob.persistLHB(PersistLhbJob.java:145)- JOB R finished. elapsed time: 0 min.
2018-01-01 22:01:52,364 [INFO] com.wy.stock.job.PersistLhbJob.persistLHB(PersistLhbJob.java:47)- JOB R - persistLHB job begin...
2018-01-01 22:01:52,633 [INFO] com.wy.stock.job.PersistLhbJob.persistLHB(PersistLhbJob.java:126)- file length < 2000, return now...
2018-01-01 22:01:52,633 [INFO] com.wy.stock.job.PersistLhbJob.persistLHB(PersistLhbJob.java:47)- JOB R - persistLHB job begin...
2018-01-01 22:01:52,912 [INFO] com.wy.stock.job.PersistLhbJob.persistLHB(PersistLhbJob.java:126)- file length < 2000, return now...
2018-01-01 22:01:52,913 [INFO] com.wy.stock.job.PersistLhbJob.persistLHB(PersistLhbJob.java:47)- JOB R - persistLHB job begin...
2018-01-01 22:01:59,701 [INFO] com.wy.stock.job.PersistLhbJob.persistLHB(PersistLhbJob.java:145)- JOB R finished. elapsed time: 0 min.
2018-01-01 22:01:59,701 [INFO] com.wy.stock.job.PersistLhbJob.persistLHB(PersistLhbJob.java:47)- JOB R - persistLHB job begin...
2018-01-01 22:02:03,223 [INFO] com.wy.stock.job.PersistLhbJob.persistLHB(PersistLhbJob.java:145)- JOB R finished. elapsed time: 0 min.
2018-01-01 22:02:03,223 [INFO] com.wy.stock.job.PersistLhbJob.persistLHB(PersistLhbJob.java:47)- JOB R - persistLHB job begin...
2018-01-01 22:02:10,630 [INFO] com.wy.stock.job.PersistLhbJob.persistLHB(PersistLhbJob.java:145)- JOB R finished. elapsed time: 0 min.
2018-01-01 22:02:10,630 [INFO] com.wy.stock.job.PersistLhbJob.persistLHB(PersistLhbJob.java:47)- JOB R - persistLHB job begin...
2018-01-01 22:02:17,758 [INFO] com.wy.stock.job.PersistLhbJob.persistLHB(PersistLhbJob.java:145)- JOB R finished. elapsed time: 0 min.
2018-01-01 22:02:17,759 [INFO] com.wy.stock.job.PersistLhbJob.persistLHB(PersistLhbJob.java:47)- JOB R - persistLHB job begin...
2018-01-01 22:02:23,564 [INFO] com.wy.stock.job.PersistLhbJob.persistLHB(PersistLhbJob.java:145)- JOB R finished. elapsed time: 0 min.
2018-01-01 22:02:23,565 [INFO] com.wy.stock.job.PersistLhbJob.persistLHB(PersistLhbJob.java:47)- JOB R - persistLHB job begin...
2018-01-01 22:02:23,988 [INFO] com.wy.stock.job.PersistLhbJob.persistLHB(PersistLhbJob.java:126)- file length < 2000, return now...
2018-01-01 22:02:23,989 [INFO] com.wy.stock.job.PersistLhbJob.persistLHB(PersistLhbJob.java:47)- JOB R - persistLHB job begin...
2018-01-01 22:02:24,279 [INFO] com.wy.stock.job.PersistLhbJob.persistLHB(PersistLhbJob.java:126)- file length < 2000, return now...
